<?xml version="1.0" encoding="UTF-8" ?>
<testsuite tests="26" failures="0" name="core.basesyntax.MyLinkedListTest" time="0.018" errors="0" skipped="0">
  <properties>
    <property name="java.runtime.name" value="OpenJDK Runtime Environment"/>
    <property name="java.vm.version" value="17.0.1+1"/>
    <property name="sun.boot.library.path" value="/opt/homebrew/Cellar/openjdk/17.0.1_1/libexec/openjdk.jdk/Contents/Home/lib"/>
    <property name="maven.multiModuleProjectDirectory" value="/Users/artembordichuk/IdeaProjects/jv-linked-list"/>
    <property name="java.vm.vendor" value="Homebrew"/>
    <property name="java.vendor.url" value="https://github.com/Homebrew/homebrew-core/issues"/>
    <property name="guice.disable.misplaced.annotation.check" value="true"/>
    <property name="path.separator" value=":"/>
    <property name="java.vm.name" value="OpenJDK 64-Bit Server VM"/>
    <property name="user.country" value="UA"/>
    <property name="sun.java.launcher" value="SUN_STANDARD"/>
    <property name="java.vm.specification.name" value="Java Virtual Machine Specification"/>
    <property name="user.dir" value="/Users/artembordichuk/IdeaProjects/jv-linked-list"/>
    <property name="java.vm.compressedOopsMode" value="Zero based"/>
    <property name="java.runtime.version" value="17.0.1+1"/>
    <property name="os.arch" value="aarch64"/>
    <property name="java.io.tmpdir" value="/var/folders/3k/1yjt_2d1659cfgydv_ldgkm00000gn/T/"/>
    <property name="line.separator" value="
"/>
    <property name="java.vm.specification.vendor" value="Oracle Corporation"/>
    <property name="os.name" value="Mac OS X"/>
    <property name="classworlds.conf" value="/opt/homebrew/Cellar/maven/3.8.4/libexec/bin/m2.conf"/>
    <property name="sun.jnu.encoding" value="UTF-8"/>
    <property name="java.library.path" value="/Users/artembordichuk/Library/Java/Extensions:/Library/Java/Extensions:/Network/Library/Java/Extensions:/System/Library/Java/Extensions:/usr/lib/java:."/>
    <property name="maven.conf" value="/opt/homebrew/Cellar/maven/3.8.4/libexec/conf"/>
    <property name="jdk.debug" value="release"/>
    <property name="java.class.version" value="61.0"/>
    <property name="java.specification.name" value="Java Platform API Specification"/>
    <property name="sun.management.compiler" value="HotSpot 64-Bit Tiered Compilers"/>
    <property name="os.version" value="12.6"/>
    <property name="library.jansi.path" value="/opt/homebrew/Cellar/maven/3.8.4/libexec/lib/jansi-native"/>
    <property name="http.nonProxyHosts" value="local|*.local|169.254/16|*.169.254/16"/>
    <property name="user.home" value="/Users/artembordichuk"/>
    <property name="user.timezone" value="Europe/Kiev"/>
    <property name="file.encoding" value="UTF-8"/>
    <property name="java.specification.version" value="17"/>
    <property name="user.name" value="artembordichuk"/>
    <property name="java.class.path" value="/opt/homebrew/Cellar/maven/3.8.4/libexec/boot/plexus-classworlds-2.6.0.jar"/>
    <property name="java.vm.specification.version" value="17"/>
    <property name="sun.arch.data.model" value="64"/>
    <property name="sun.java.command" value="org.codehaus.plexus.classworlds.launcher.Launcher clean package"/>
    <property name="java.home" value="/opt/homebrew/Cellar/openjdk/17.0.1_1/libexec/openjdk.jdk/Contents/Home"/>
    <property name="user.language" value="uk"/>
    <property name="java.specification.vendor" value="Oracle Corporation"/>
    <property name="java.vm.info" value="mixed mode, sharing"/>
    <property name="java.version" value="17.0.1"/>
    <property name="native.encoding" value="UTF-8"/>
    <property name="java.vendor" value="Homebrew"/>
    <property name="sun.stderr.encoding" value="UTF-8"/>
    <property name="maven.home" value="/opt/homebrew/Cellar/maven/3.8.4/libexec"/>
    <property name="file.separator" value="/"/>
    <property name="java.version.date" value="2021-10-19"/>
    <property name="java.vendor.url.bug" value="https://github.com/Homebrew/homebrew-core/issues"/>
    <property name="sun.io.unicode.encoding" value="UnicodeBig"/>
    <property name="sun.cpu.endian" value="little"/>
    <property name="java.vendor.version" value="Homebrew"/>
    <property name="sun.stdout.encoding" value="UTF-8"/>
    <property name="socksNonProxyHosts" value="local|*.local|169.254/16|*.169.254/16"/>
    <property name="ftp.nonProxyHosts" value="local|*.local|169.254/16|*.169.254/16"/>
  </properties>
  <testcase classname="core.basesyntax.MyLinkedListTest" name="testSetByIndexEqualsSize" time="0.009"/>
  <testcase classname="core.basesyntax.MyLinkedListTest" name="testAddByIndexToTheTop" time="0.002"/>
  <testcase classname="core.basesyntax.MyLinkedListTest" name="testSetByIndex" time="0"/>
  <testcase classname="core.basesyntax.MyLinkedListTest" name="testAddManyData" time="0.003"/>
  <testcase classname="core.basesyntax.MyLinkedListTest" name="testAddByNegativeIndex" time="0"/>
  <testcase classname="core.basesyntax.MyLinkedListTest" name="testAdd" time="0"/>
  <testcase classname="core.basesyntax.MyLinkedListTest" name="testGetByNegativeIndex" time="0"/>
  <testcase classname="core.basesyntax.MyLinkedListTest" name="testGetByIndexEqualsSize" time="0"/>
  <testcase classname="core.basesyntax.MyLinkedListTest" name="testSize" time="0"/>
  <testcase classname="core.basesyntax.MyLinkedListTest" name="testRemoveByIndex" time="0"/>
  <testcase classname="core.basesyntax.MyLinkedListTest" name="testSetByNegativeIndex" time="0"/>
  <testcase classname="core.basesyntax.MyLinkedListTest" name="testRemoveByIndexEqualsSize" time="0"/>
  <testcase classname="core.basesyntax.MyLinkedListTest" name="addAndRemoveToListTest" time="0"/>
  <testcase classname="core.basesyntax.MyLinkedListTest" name="testSizeAfterSet" time="0"/>
  <testcase classname="core.basesyntax.MyLinkedListTest" name="testRemoveByNegativeIndex" time="0"/>
  <testcase classname="core.basesyntax.MyLinkedListTest" name="testAddByIndexAtTheMiddle" time="0"/>
  <testcase classname="core.basesyntax.MyLinkedListTest" name="removeObjectValueByItemPositive" time="0.004"/>
  <testcase classname="core.basesyntax.MyLinkedListTest" name="testSizeAfterRemove" time="0"/>
  <testcase classname="core.basesyntax.MyLinkedListTest" name="removeObjectValueByItemNegative" time="0"/>
  <testcase classname="core.basesyntax.MyLinkedListTest" name="testGetByIndex" time="0"/>
  <testcase classname="core.basesyntax.MyLinkedListTest" name="testAddByIndexToTheBottom" time="0"/>
  <testcase classname="core.basesyntax.MyLinkedListTest" name="testAddAll" time="0"/>
  <testcase classname="core.basesyntax.MyLinkedListTest" name="testRemoveByItemPositive" time="0"/>
  <testcase classname="core.basesyntax.MyLinkedListTest" name="testIsEmpty" time="0"/>
  <testcase classname="core.basesyntax.MyLinkedListTest" name="testRemoveByItemNegative" time="0"/>
  <testcase classname="core.basesyntax.MyLinkedListTest" name="testIsEmptyAfterRemove" time="0"/>
</testsuite>